{"/home/gayathri/Documents/keyvalue/employe/src/app.ts": {"path":"/home/gayathri/Documents/keyvalue/employe/src/app.ts","statementMap":{"0":{"start":{"line":1,"column":0},"end":{"line":1,"column":33}},"1":{"start":{"line":2,"column":0},"end":{"line":2,"column":null}},"2":{"start":{"line":3,"column":0},"end":{"line":3,"column":25}},"3":{"start":{"line":4,"column":0},"end":{"line":4,"column":30}},"4":{"start":{"line":5,"column":0},"end":{"line":5,"column":52}},"5":{"start":{"line":6,"column":0},"end":{"line":6,"column":62}},"6":{"start":{"line":7,"column":0},"end":{"line":7,"column":42}},"7":{"start":{"line":9,"column":0},"end":{"line":9,"column":63}},"8":{"start":{"line":10,"column":0},"end":{"line":10,"column":56}},"9":{"start":{"line":11,"column":0},"end":{"line":11,"column":44}},"10":{"start":{"line":12,"column":15},"end":{"line":12,"column":24}},"11":{"start":{"line":14,"column":0},"end":{"line":14,"column":27}},"12":{"start":{"line":15,"column":0},"end":{"line":15,"column":29}},"13":{"start":{"line":16,"column":0},"end":{"line":16,"column":41}},"14":{"start":{"line":17,"column":0},"end":{"line":17,"column":44}},"15":{"start":{"line":18,"column":0},"end":{"line":18,"column":33}},"16":{"start":{"line":19,"column":0},"end":{"line":19,"column":27}},"17":{"start":{"line":21,"column":0},"end":{"line":27,"column":5}},"18":{"start":{"line":21,"column":11},"end":{"line":27,"column":2}},"19":{"start":{"line":22,"column":4},"end":{"line":22,"column":34}},"20":{"start":{"line":23,"column":4},"end":{"line":26,"column":7}},"21":{"start":{"line":24,"column":8},"end":{"line":24,"column":null}}},"fnMap":{"0":{"name":"(anonymous_14)","decl":{"start":{"line":21,"column":1},"end":{"line":21,"column":9}},"loc":{"start":{"line":21,"column":11},"end":{"line":27,"column":2}}},"1":{"name":"(anonymous_15)","decl":{"start":{"line":21,"column":11},"end":{"line":21,"column":null}},"loc":{"start":{"line":21,"column":11},"end":{"line":27,"column":1}}},"2":{"name":"(anonymous_16)","decl":{"start":{"line":23,"column":24},"end":{"line":23,"column":27}},"loc":{"start":{"line":23,"column":29},"end":{"line":26,"column":5}}}},"branchMap":{},"s":{"0":0,"1":0,"2":0,"3":0,"4":0,"5":0,"6":0,"7":0,"8":0,"9":0,"10":0,"11":0,"12":0,"13":0,"14":0,"15":0,"16":0,"17":0,"18":0,"19":0,"20":0,"21":0},"f":{"0":0,"1":0,"2":0},"b":{}}
,"/home/gayathri/Documents/keyvalue/employe/src/Exception/ValidationException.ts": {"path":"/home/gayathri/Documents/keyvalue/employe/src/Exception/ValidationException.ts","statementMap":{"0":{"start":{"line":2,"column":0},"end":{"line":2,"column":45}},"1":{"start":{"line":8,"column":8},"end":{"line":8,"column":40}},"2":{"start":{"line":10,"column":8},"end":{"line":10,"column":55}},"3":{"start":{"line":14,"column":34},"end":{"line":14,"column":36}},"4":{"start":{"line":16,"column":8},"end":{"line":26,"column":null}},"5":{"start":{"line":17,"column":29},"end":{"line":17,"column":43}},"6":{"start":{"line":18,"column":32},"end":{"line":18,"column":49}},"7":{"start":{"line":21,"column":12},"end":{"line":25,"column":null}},"8":{"start":{"line":22,"column":16},"end":{"line":22,"column":81}},"9":{"start":{"line":24,"column":16},"end":{"line":24,"column":67}},"10":{"start":{"line":28,"column":8},"end":{"line":28,"column":27}},"11":{"start":{"line":32,"column":0},"end":{"line":32,"column":35}}},"fnMap":{"0":{"name":"(anonymous_1)","decl":{"start":{"line":7,"column":4},"end":{"line":7,"column":16}},"loc":{"start":{"line":7,"column":41},"end":{"line":11,"column":5}}},"1":{"name":"(anonymous_2)","decl":{"start":{"line":13,"column":12},"end":{"line":13,"column":31}},"loc":{"start":{"line":13,"column":57},"end":{"line":29,"column":5}}}},"branchMap":{"0":{"loc":{"start":{"line":21,"column":12},"end":{"line":25,"column":null}},"type":"if","locations":[{"start":{"line":21,"column":12},"end":{"line":25,"column":null}},{"start":{"line":23,"column":19},"end":{"line":25,"column":null}}]}},"s":{"0":0,"1":0,"2":0,"3":0,"4":0,"5":0,"6":0,"7":0,"8":0,"9":0,"10":0,"11":0},"f":{"0":0,"1":0},"b":{"0":[0,0]}}
,"/home/gayathri/Documents/keyvalue/employe/src/Exception/http.exception.ts": {"path":"/home/gayathri/Documents/keyvalue/employe/src/Exception/http.exception.ts","statementMap":{"0":{"start":{"line":4,"column":8},"end":{"line":4,"column":23}},"1":{"start":{"line":5,"column":8},"end":{"line":5,"column":27}},"2":{"start":{"line":8,"column":0},"end":{"line":8,"column":29}}},"fnMap":{"0":{"name":"(anonymous_0)","decl":{"start":{"line":3,"column":4},"end":{"line":3,"column":16}},"loc":{"start":{"line":3,"column":44},"end":{"line":6,"column":5}}}},"branchMap":{},"s":{"0":3,"1":3,"2":1},"f":{"0":3},"b":{}}
,"/home/gayathri/Documents/keyvalue/employe/src/Exception/not-found.exception.ts": {"path":"/home/gayathri/Documents/keyvalue/employe/src/Exception/not-found.exception.ts","statementMap":{"0":{"start":{"line":1,"column":0},"end":{"line":1,"column":45}},"1":{"start":{"line":5,"column":8},"end":{"line":5,"column":null}},"2":{"start":{"line":3,"column":0},"end":{"line":3,"column":13}}},"fnMap":{"0":{"name":"(anonymous_1)","decl":{"start":{"line":4,"column":4},"end":{"line":4,"column":16}},"loc":{"start":{"line":4,"column":32},"end":{"line":6,"column":5}}}},"branchMap":{"0":{"loc":{"start":{"line":5,"column":19},"end":{"line":5,"column":50}},"type":"cond-expr","locations":[{"start":{"line":5,"column":29},"end":{"line":5,"column":36}},{"start":{"line":5,"column":39},"end":{"line":5,"column":50}}]}},"s":{"0":1,"1":1,"2":1},"f":{"0":1},"b":{"0":[1,0]}}
,"/home/gayathri/Documents/keyvalue/employe/src/controller/department.controller.ts": {"path":"/home/gayathri/Documents/keyvalue/employe/src/controller/department.controller.ts","statementMap":{"0":{"start":{"line":1,"column":0},"end":{"line":1,"column":52}},"1":{"start":{"line":2,"column":0},"end":{"line":2,"column":63}},"2":{"start":{"line":3,"column":0},"end":{"line":3,"column":43}},"3":{"start":{"line":5,"column":0},"end":{"line":5,"column":56}},"4":{"start":{"line":7,"column":0},"end":{"line":7,"column":63}},"5":{"start":{"line":9,"column":0},"end":{"line":9,"column":67}},"6":{"start":{"line":10,"column":0},"end":{"line":10,"column":65}},"7":{"start":{"line":11,"column":0},"end":{"line":11,"column":67}},"8":{"start":{"line":12,"column":0},"end":{"line":12,"column":42}},"9":{"start":{"line":13,"column":0},"end":{"line":13,"column":64}},"10":{"start":{"line":18,"column":24},"end":{"line":18,"column":60}},"11":{"start":{"line":27,"column":4},"end":{"line":48,"column":6}},"12":{"start":{"line":31,"column":8},"end":{"line":48,"column":6}},"13":{"start":{"line":32,"column":6},"end":{"line":47,"column":null}},"14":{"start":{"line":33,"column":36},"end":{"line":35,"column":null}},"15":{"start":{"line":37,"column":23},"end":{"line":37,"column":58}},"16":{"start":{"line":39,"column":8},"end":{"line":41,"column":null}},"17":{"start":{"line":40,"column":10},"end":{"line":40,"column":49}},"18":{"start":{"line":43,"column":25},"end":{"line":43,"column":91}},"19":{"start":{"line":44,"column":8},"end":{"line":44,"column":39}},"20":{"start":{"line":46,"column":8},"end":{"line":46,"column":18}},"21":{"start":{"line":50,"column":4},"end":{"line":53,"column":6}},"22":{"start":{"line":50,"column":78},"end":{"line":53,"column":6}},"23":{"start":{"line":51,"column":25},"end":{"line":51,"column":73}},"24":{"start":{"line":52,"column":6},"end":{"line":52,"column":58}},"25":{"start":{"line":55,"column":4},"end":{"line":68,"column":6}},"26":{"start":{"line":59,"column":8},"end":{"line":68,"column":6}},"27":{"start":{"line":60,"column":6},"end":{"line":67,"column":null}},"28":{"start":{"line":61,"column":26},"end":{"line":62,"column":null}},"29":{"start":{"line":64,"column":8},"end":{"line":64,"column":60}},"30":{"start":{"line":66,"column":8},"end":{"line":66,"column":20}},"31":{"start":{"line":70,"column":4},"end":{"line":93,"column":6}},"32":{"start":{"line":74,"column":8},"end":{"line":93,"column":6}},"33":{"start":{"line":75,"column":6},"end":{"line":92,"column":null}},"34":{"start":{"line":76,"column":25},"end":{"line":76,"column":33}},"35":{"start":{"line":77,"column":19},"end":{"line":77,"column":40}},"36":{"start":{"line":79,"column":36},"end":{"line":81,"column":null}},"37":{"start":{"line":83,"column":23},"end":{"line":83,"column":58}},"38":{"start":{"line":85,"column":8},"end":{"line":87,"column":null}},"39":{"start":{"line":86,"column":10},"end":{"line":86,"column":48}},"40":{"start":{"line":88,"column":27},"end":{"line":88,"column":98}},"41":{"start":{"line":89,"column":8},"end":{"line":89,"column":60}},"42":{"start":{"line":91,"column":8},"end":{"line":91,"column":18}},"43":{"start":{"line":95,"column":4},"end":{"line":99,"column":6}},"44":{"start":{"line":95,"column":77},"end":{"line":99,"column":6}},"45":{"start":{"line":96,"column":17},"end":{"line":96,"column":38}},"46":{"start":{"line":97,"column":25},"end":{"line":97,"column":74}},"47":{"start":{"line":98,"column":6},"end":{"line":98,"column":29}},"48":{"start":{"line":19,"column":6},"end":{"line":19,"column":37}},"49":{"start":{"line":20,"column":6},"end":{"line":20,"column":93}},"50":{"start":{"line":21,"column":6},"end":{"line":21,"column":94}},"51":{"start":{"line":22,"column":6},"end":{"line":22,"column":97}},"52":{"start":{"line":23,"column":6},"end":{"line":23,"column":64}},"53":{"start":{"line":24,"column":6},"end":{"line":24,"column":67}},"54":{"start":{"line":15,"column":0},"end":{"line":15,"column":13}}},"fnMap":{"0":{"name":"(anonymous_8)","decl":{"start":{"line":18,"column":4},"end":{"line":18,"column":24}},"loc":{"start":{"line":18,"column":60},"end":{"line":25,"column":5}}},"1":{"name":"(anonymous_9)","decl":{"start":{"line":27,"column":23},"end":{"line":27,"column":null}},"loc":{"start":{"line":31,"column":8},"end":{"line":48,"column":6}}},"2":{"name":"(anonymous_10)","decl":{"start":{"line":31,"column":8},"end":{"line":31,"column":null}},"loc":{"start":{"line":31,"column":8},"end":{"line":48,"column":5}}},"3":{"name":"(anonymous_11)","decl":{"start":{"line":50,"column":24},"end":{"line":50,"column":31}},"loc":{"start":{"line":50,"column":78},"end":{"line":53,"column":6}}},"4":{"name":"(anonymous_12)","decl":{"start":{"line":50,"column":78},"end":{"line":50,"column":null}},"loc":{"start":{"line":50,"column":78},"end":{"line":53,"column":5}}},"5":{"name":"(anonymous_13)","decl":{"start":{"line":55,"column":24},"end":{"line":55,"column":null}},"loc":{"start":{"line":59,"column":8},"end":{"line":68,"column":6}}},"6":{"name":"(anonymous_14)","decl":{"start":{"line":59,"column":8},"end":{"line":59,"column":null}},"loc":{"start":{"line":59,"column":8},"end":{"line":68,"column":5}}},"7":{"name":"(anonymous_15)","decl":{"start":{"line":70,"column":23},"end":{"line":70,"column":null}},"loc":{"start":{"line":74,"column":8},"end":{"line":93,"column":6}}},"8":{"name":"(anonymous_16)","decl":{"start":{"line":74,"column":8},"end":{"line":74,"column":null}},"loc":{"start":{"line":74,"column":8},"end":{"line":93,"column":5}}},"9":{"name":"(anonymous_17)","decl":{"start":{"line":95,"column":23},"end":{"line":95,"column":30}},"loc":{"start":{"line":95,"column":77},"end":{"line":99,"column":6}}},"10":{"name":"(anonymous_18)","decl":{"start":{"line":95,"column":77},"end":{"line":95,"column":null}},"loc":{"start":{"line":95,"column":77},"end":{"line":99,"column":5}}}},"branchMap":{"0":{"loc":{"start":{"line":39,"column":8},"end":{"line":41,"column":null}},"type":"if","locations":[{"start":{"line":39,"column":8},"end":{"line":41,"column":null}}]},"1":{"loc":{"start":{"line":85,"column":8},"end":{"line":87,"column":null}},"type":"if","locations":[{"start":{"line":85,"column":8},"end":{"line":87,"column":null}}]}},"s":{"0":0,"1":0,"2":0,"3":0,"4":0,"5":0,"6":0,"7":0,"8":0,"9":0,"10":0,"11":0,"12":0,"13":0,"14":0,"15":0,"16":0,"17":0,"18":0,"19":0,"20":0,"21":0,"22":0,"23":0,"24":0,"25":0,"26":0,"27":0,"28":0,"29":0,"30":0,"31":0,"32":0,"33":0,"34":0,"35":0,"36":0,"37":0,"38":0,"39":0,"40":0,"41":0,"42":0,"43":0,"44":0,"45":0,"46":0,"47":0,"48":0,"49":0,"50":0,"51":0,"52":0,"53":0,"54":0},"f":{"0":0,"1":0,"2":0,"3":0,"4":0,"5":0,"6":0,"7":0,"8":0,"9":0,"10":0},"b":{"0":[0],"1":[0]}}
,"/home/gayathri/Documents/keyvalue/employe/src/controller/employee.controller.ts": {"path":"/home/gayathri/Documents/keyvalue/employe/src/controller/employee.controller.ts","statementMap":{"0":{"start":{"line":1,"column":0},"end":{"line":1,"column":52}},"1":{"start":{"line":3,"column":0},"end":{"line":3,"column":48}},"2":{"start":{"line":4,"column":0},"end":{"line":4,"column":63}},"3":{"start":{"line":5,"column":0},"end":{"line":5,"column":60}},"4":{"start":{"line":6,"column":0},"end":{"line":6,"column":56}},"5":{"start":{"line":9,"column":0},"end":{"line":9,"column":65}},"6":{"start":{"line":10,"column":0},"end":{"line":10,"column":67}},"7":{"start":{"line":11,"column":0},"end":{"line":11,"column":42}},"8":{"start":{"line":12,"column":0},"end":{"line":12,"column":63}},"9":{"start":{"line":13,"column":0},"end":{"line":13,"column":61}},"10":{"start":{"line":14,"column":0},"end":{"line":14,"column":67}},"11":{"start":{"line":15,"column":0},"end":{"line":15,"column":64}},"12":{"start":{"line":20,"column":24},"end":{"line":20,"column":56}},"13":{"start":{"line":35,"column":4},"end":{"line":39,"column":null}},"14":{"start":{"line":35,"column":76},"end":{"line":39,"column":null}},"15":{"start":{"line":36,"column":26},"end":{"line":36,"column":70}},"16":{"start":{"line":38,"column":8},"end":{"line":38,"column":60}},"17":{"start":{"line":42,"column":4},"end":{"line":51,"column":null}},"18":{"start":{"line":42,"column":96},"end":{"line":51,"column":null}},"19":{"start":{"line":43,"column":8},"end":{"line":49,"column":null}},"20":{"start":{"line":44,"column":31},"end":{"line":44,"column":52}},"21":{"start":{"line":45,"column":29},"end":{"line":45,"column":83}},"22":{"start":{"line":46,"column":12},"end":{"line":46,"column":62}},"23":{"start":{"line":48,"column":12},"end":{"line":48,"column":24}},"24":{"start":{"line":52,"column":4},"end":{"line":63,"column":null}},"25":{"start":{"line":52,"column":95},"end":{"line":63,"column":null}},"26":{"start":{"line":53,"column":8},"end":{"line":62,"column":null}},"27":{"start":{"line":54,"column":12},"end":{"line":54,"column":66}},"28":{"start":{"line":55,"column":38},"end":{"line":55,"column":82}},"29":{"start":{"line":57,"column":32},"end":{"line":57,"column":92}},"30":{"start":{"line":58,"column":12},"end":{"line":58,"column":65}},"31":{"start":{"line":61,"column":12},"end":{"line":61,"column":24}},"32":{"start":{"line":64,"column":4},"end":{"line":76,"column":null}},"33":{"start":{"line":64,"column":95},"end":{"line":76,"column":null}},"34":{"start":{"line":65,"column":8},"end":{"line":74,"column":null}},"35":{"start":{"line":66,"column":12},"end":{"line":66,"column":66}},"36":{"start":{"line":67,"column":38},"end":{"line":67,"column":82}},"37":{"start":{"line":69,"column":23},"end":{"line":69,"column":44}},"38":{"start":{"line":70,"column":32},"end":{"line":70,"column":96}},"39":{"start":{"line":71,"column":12},"end":{"line":71,"column":65}},"40":{"start":{"line":73,"column":12},"end":{"line":73,"column":null}},"41":{"start":{"line":78,"column":4},"end":{"line":91,"column":null}},"42":{"start":{"line":78,"column":86},"end":{"line":91,"column":null}},"43":{"start":{"line":79,"column":8},"end":{"line":89,"column":null}},"44":{"start":{"line":80,"column":12},"end":{"line":80,"column":66}},"45":{"start":{"line":81,"column":38},"end":{"line":81,"column":82}},"46":{"start":{"line":83,"column":23},"end":{"line":83,"column":44}},"47":{"start":{"line":84,"column":29},"end":{"line":84,"column":75}},"48":{"start":{"line":85,"column":12},"end":{"line":85,"column":68}},"49":{"start":{"line":86,"column":12},"end":{"line":86,"column":62}},"50":{"start":{"line":88,"column":12},"end":{"line":88,"column":null}},"51":{"start":{"line":94,"column":11},"end":{"line":108,"column":null}},"52":{"start":{"line":97,"column":38},"end":{"line":108,"column":null}},"53":{"start":{"line":99,"column":8},"end":{"line":107,"column":null}},"54":{"start":{"line":100,"column":12},"end":{"line":100,"column":65}},"55":{"start":{"line":101,"column":37},"end":{"line":101,"column":80}},"56":{"start":{"line":102,"column":26},"end":{"line":102,"column":84}},"57":{"start":{"line":103,"column":12},"end":{"line":103,"column":40}},"58":{"start":{"line":105,"column":12},"end":{"line":105,"column":null}},"59":{"start":{"line":106,"column":12},"end":{"line":106,"column":24}},"60":{"start":{"line":109,"column":4},"end":{"line":119,"column":null}},"61":{"start":{"line":109,"column":76},"end":{"line":119,"column":null}},"62":{"start":{"line":110,"column":8},"end":{"line":116,"column":null}},"63":{"start":{"line":111,"column":31},"end":{"line":111,"column":52}},"64":{"start":{"line":112,"column":12},"end":{"line":112,"column":66}},"65":{"start":{"line":113,"column":12},"end":{"line":113,"column":35}},"66":{"start":{"line":115,"column":12},"end":{"line":115,"column":24}},"67":{"start":{"line":21,"column":8},"end":{"line":21,"column":39}},"68":{"start":{"line":24,"column":8},"end":{"line":24,"column":65}},"69":{"start":{"line":25,"column":8},"end":{"line":25,"column":68}},"70":{"start":{"line":26,"column":8},"end":{"line":26,"column":96}},"71":{"start":{"line":27,"column":8},"end":{"line":27,"column":66}},"72":{"start":{"line":28,"column":8},"end":{"line":28,"column":69}},"73":{"start":{"line":29,"column":8},"end":{"line":29,"column":55}},"74":{"start":{"line":30,"column":8},"end":{"line":30,"column":null}},"75":{"start":{"line":123,"column":42},"end":{"line":123,"column":99}},"76":{"start":{"line":124,"column":8},"end":{"line":128,"column":null}},"77":{"start":{"line":125,"column":12},"end":{"line":125,"column":32}},"78":{"start":{"line":127,"column":12},"end":{"line":127,"column":50}},"79":{"start":{"line":135,"column":0},"end":{"line":135,"column":34}},"80":{"start":{"line":138,"column":4},"end":{"line":138,"column":49}}},"fnMap":{"0":{"name":"(anonymous_8)","decl":{"start":{"line":20,"column":4},"end":{"line":20,"column":24}},"loc":{"start":{"line":20,"column":56},"end":{"line":31,"column":5}}},"1":{"name":"(anonymous_9)","decl":{"start":{"line":35,"column":22},"end":{"line":35,"column":29}},"loc":{"start":{"line":35,"column":76},"end":{"line":39,"column":null}}},"2":{"name":"(anonymous_10)","decl":{"start":{"line":35,"column":76},"end":{"line":35,"column":null}},"loc":{"start":{"line":35,"column":76},"end":{"line":39,"column":5}}},"3":{"name":"(anonymous_11)","decl":{"start":{"line":42,"column":22},"end":{"line":42,"column":29}},"loc":{"start":{"line":42,"column":96},"end":{"line":51,"column":null}}},"4":{"name":"(anonymous_12)","decl":{"start":{"line":42,"column":96},"end":{"line":42,"column":null}},"loc":{"start":{"line":42,"column":96},"end":{"line":51,"column":5}}},"5":{"name":"(anonymous_13)","decl":{"start":{"line":52,"column":21},"end":{"line":52,"column":28}},"loc":{"start":{"line":52,"column":95},"end":{"line":63,"column":null}}},"6":{"name":"(anonymous_14)","decl":{"start":{"line":52,"column":95},"end":{"line":52,"column":null}},"loc":{"start":{"line":52,"column":95},"end":{"line":63,"column":5}}},"7":{"name":"(anonymous_15)","decl":{"start":{"line":64,"column":21},"end":{"line":64,"column":28}},"loc":{"start":{"line":64,"column":95},"end":{"line":76,"column":null}}},"8":{"name":"(anonymous_16)","decl":{"start":{"line":64,"column":95},"end":{"line":64,"column":null}},"loc":{"start":{"line":64,"column":95},"end":{"line":76,"column":5}}},"9":{"name":"(anonymous_17)","decl":{"start":{"line":78,"column":12},"end":{"line":78,"column":19}},"loc":{"start":{"line":78,"column":86},"end":{"line":91,"column":null}}},"10":{"name":"(anonymous_18)","decl":{"start":{"line":78,"column":86},"end":{"line":78,"column":null}},"loc":{"start":{"line":78,"column":86},"end":{"line":91,"column":5}}},"11":{"name":"(anonymous_19)","decl":{"start":{"line":94,"column":27},"end":{"line":94,"column":null}},"loc":{"start":{"line":97,"column":38},"end":{"line":108,"column":null}}},"12":{"name":"(anonymous_20)","decl":{"start":{"line":97,"column":38},"end":{"line":97,"column":null}},"loc":{"start":{"line":97,"column":38},"end":{"line":108,"column":5}}},"13":{"name":"(anonymous_21)","decl":{"start":{"line":109,"column":21},"end":{"line":109,"column":28}},"loc":{"start":{"line":109,"column":76},"end":{"line":119,"column":null}}},"14":{"name":"(anonymous_22)","decl":{"start":{"line":109,"column":76},"end":{"line":109,"column":null}},"loc":{"start":{"line":109,"column":76},"end":{"line":119,"column":5}}},"15":{"name":"(anonymous_23)","decl":{"start":{"line":121,"column":18},"end":{"line":121,"column":31}},"loc":{"start":{"line":121,"column":66},"end":{"line":131,"column":null}}},"16":{"name":"next","decl":{"start":{"line":137,"column":9},"end":{"line":137,"column":13}},"loc":{"start":{"line":137,"column":24},"end":{"line":139,"column":1}}}},"branchMap":{"0":{"loc":{"start":{"line":124,"column":8},"end":{"line":128,"column":null}},"type":"if","locations":[{"start":{"line":124,"column":8},"end":{"line":128,"column":null}}]}},"s":{"0":0,"1":0,"2":0,"3":0,"4":0,"5":0,"6":0,"7":0,"8":0,"9":0,"10":0,"11":0,"12":0,"13":0,"14":0,"15":0,"16":0,"17":0,"18":0,"19":0,"20":0,"21":0,"22":0,"23":0,"24":0,"25":0,"26":0,"27":0,"28":0,"29":0,"30":0,"31":0,"32":0,"33":0,"34":0,"35":0,"36":0,"37":0,"38":0,"39":0,"40":0,"41":0,"42":0,"43":0,"44":0,"45":0,"46":0,"47":0,"48":0,"49":0,"50":0,"51":0,"52":0,"53":0,"54":0,"55":0,"56":0,"57":0,"58":0,"59":0,"60":0,"61":0,"62":0,"63":0,"64":0,"65":0,"66":0,"67":0,"68":0,"69":0,"70":0,"71":0,"72":0,"73":0,"74":0,"75":0,"76":0,"77":0,"78":0,"79":0,"80":0},"f":{"0":0,"1":0,"2":0,"3":0,"4":0,"5":0,"6":0,"7":0,"8":0,"9":0,"10":0,"11":0,"12":0,"13":0,"14":0,"15":0,"16":0},"b":{"0":[0]}}
,"/home/gayathri/Documents/keyvalue/employe/src/controller/role.controller.ts": {"path":"/home/gayathri/Documents/keyvalue/employe/src/controller/role.controller.ts","statementMap":{"0":{"start":{"line":2,"column":0},"end":{"line":2,"column":65}},"1":{"start":{"line":3,"column":0},"end":{"line":3,"column":42}},"2":{"start":{"line":4,"column":0},"end":{"line":4,"column":56}},"3":{"start":{"line":12,"column":4},"end":{"line":19,"column":null}},"4":{"start":{"line":12,"column":91},"end":{"line":19,"column":null}},"5":{"start":{"line":13,"column":8},"end":{"line":18,"column":null}},"6":{"start":{"line":14,"column":26},"end":{"line":14,"column":45}},"7":{"start":{"line":15,"column":12},"end":{"line":15,"column":76}},"8":{"start":{"line":17,"column":12},"end":{"line":17,"column":24}},"9":{"start":{"line":9,"column":8},"end":{"line":9,"column":39}},"10":{"start":{"line":10,"column":8},"end":{"line":10,"column":59}},"11":{"start":{"line":21,"column":0},"end":{"line":21,"column":30}}},"fnMap":{"0":{"name":"(anonymous_8)","decl":{"start":{"line":8,"column":4},"end":{"line":8,"column":null}},"loc":{"start":{"line":8,"column":4},"end":{"line":11,"column":5}}},"1":{"name":"(anonymous_9)","decl":{"start":{"line":12,"column":18},"end":{"line":12,"column":24}},"loc":{"start":{"line":12,"column":91},"end":{"line":19,"column":null}}},"2":{"name":"(anonymous_10)","decl":{"start":{"line":12,"column":91},"end":{"line":12,"column":null}},"loc":{"start":{"line":12,"column":91},"end":{"line":19,"column":5}}}},"branchMap":{},"s":{"0":0,"1":0,"2":0,"3":0,"4":0,"5":0,"6":0,"7":0,"8":0,"9":0,"10":0,"11":0},"f":{"0":0,"1":0,"2":0},"b":{}}
,"/home/gayathri/Documents/keyvalue/employe/src/db/postgres.db.ts": {"path":"/home/gayathri/Documents/keyvalue/employe/src/db/postgres.db.ts","statementMap":{"0":{"start":{"line":1,"column":0},"end":{"line":1,"column":37}},"1":{"start":{"line":3,"column":0},"end":{"line":3,"column":64}},"2":{"start":{"line":4,"column":0},"end":{"line":4,"column":49}},"3":{"start":{"line":5,"column":0},"end":{"line":5,"column":47}},"4":{"start":{"line":6,"column":0},"end":{"line":6,"column":57}},"5":{"start":{"line":8,"column":19},"end":{"line":20,"column":2}},"6":{"start":{"line":22,"column":0},"end":{"line":22,"column":26}}},"fnMap":{},"branchMap":{},"s":{"0":0,"1":0,"2":0,"3":0,"4":0,"5":0,"6":0},"f":{},"b":{}}
,"/home/gayathri/Documents/keyvalue/employe/src/db/migrations/1691307502084-create-employee-address-department.ts": {"path":"/home/gayathri/Documents/keyvalue/employe/src/db/migrations/1691307502084-create-employee-address-department.ts","statementMap":{"0":{"start":{"line":4,"column":4},"end":{"line":4,"column":null}},"1":{"start":{"line":7,"column":8},"end":{"line":7,"column":586}},"2":{"start":{"line":8,"column":8},"end":{"line":8,"column":298}},"3":{"start":{"line":9,"column":8},"end":{"line":9,"column":655}},"4":{"start":{"line":10,"column":8},"end":{"line":10,"column":202}},"5":{"start":{"line":11,"column":8},"end":{"line":11,"column":207}},"6":{"start":{"line":12,"column":8},"end":{"line":12,"column":201}},"7":{"start":{"line":16,"column":8},"end":{"line":16,"column":108}},"8":{"start":{"line":17,"column":8},"end":{"line":17,"column":108}},"9":{"start":{"line":18,"column":8},"end":{"line":18,"column":106}},"10":{"start":{"line":19,"column":8},"end":{"line":19,"column":58}},"11":{"start":{"line":20,"column":8},"end":{"line":20,"column":59}},"12":{"start":{"line":21,"column":8},"end":{"line":21,"column":56}},"13":{"start":{"line":3,"column":0},"end":{"line":3,"column":13}}},"fnMap":{"0":{"name":"(anonymous_7)","decl":{"start":{"line":3,"column":0},"end":{"line":3,"column":13}},"loc":{"start":{"line":3,"column":0},"end":{"line":24,"column":1}}},"1":{"name":"(anonymous_8)","decl":{"start":{"line":6,"column":17},"end":{"line":6,"column":19}},"loc":{"start":{"line":6,"column":44},"end":{"line":13,"column":null}}},"2":{"name":"(anonymous_10)","decl":{"start":{"line":15,"column":17},"end":{"line":15,"column":21}},"loc":{"start":{"line":15,"column":46},"end":{"line":22,"column":null}}}},"branchMap":{},"s":{"0":0,"1":0,"2":0,"3":0,"4":0,"5":0,"6":0,"7":0,"8":0,"9":0,"10":0,"11":0,"12":0,"13":0},"f":{"0":0,"1":0,"2":0},"b":{}}
,"/home/gayathri/Documents/keyvalue/employe/src/db/migrations/1691387918617-modified-address-entity.ts": {"path":"/home/gayathri/Documents/keyvalue/employe/src/db/migrations/1691387918617-modified-address-entity.ts","statementMap":{"0":{"start":{"line":4,"column":4},"end":{"line":4,"column":null}},"1":{"start":{"line":7,"column":8},"end":{"line":7,"column":106}},"2":{"start":{"line":8,"column":8},"end":{"line":8,"column":108}},"3":{"start":{"line":9,"column":8},"end":{"line":9,"column":106}},"4":{"start":{"line":10,"column":8},"end":{"line":10,"column":83}},"5":{"start":{"line":11,"column":8},"end":{"line":11,"column":108}},"6":{"start":{"line":12,"column":8},"end":{"line":12,"column":84}},"7":{"start":{"line":13,"column":8},"end":{"line":13,"column":92}},"8":{"start":{"line":17,"column":8},"end":{"line":17,"column":103}},"9":{"start":{"line":18,"column":8},"end":{"line":18,"column":84}},"10":{"start":{"line":19,"column":8},"end":{"line":19,"column":129}},"11":{"start":{"line":20,"column":8},"end":{"line":20,"column":83}},"12":{"start":{"line":21,"column":8},"end":{"line":21,"column":128}},"13":{"start":{"line":22,"column":8},"end":{"line":22,"column":201}},"14":{"start":{"line":23,"column":8},"end":{"line":23,"column":202}},"15":{"start":{"line":3,"column":0},"end":{"line":3,"column":13}}},"fnMap":{"0":{"name":"(anonymous_7)","decl":{"start":{"line":3,"column":0},"end":{"line":3,"column":13}},"loc":{"start":{"line":3,"column":0},"end":{"line":26,"column":1}}},"1":{"name":"(anonymous_8)","decl":{"start":{"line":6,"column":17},"end":{"line":6,"column":19}},"loc":{"start":{"line":6,"column":44},"end":{"line":14,"column":null}}},"2":{"name":"(anonymous_10)","decl":{"start":{"line":16,"column":17},"end":{"line":16,"column":21}},"loc":{"start":{"line":16,"column":46},"end":{"line":24,"column":null}}}},"branchMap":{},"s":{"0":0,"1":0,"2":0,"3":0,"4":0,"5":0,"6":0,"7":0,"8":0,"9":0,"10":0,"11":0,"12":0,"13":0,"14":0,"15":0},"f":{"0":0,"1":0,"2":0},"b":{}}
,"/home/gayathri/Documents/keyvalue/employe/src/dto/create-address.dto.ts": {"path":"/home/gayathri/Documents/keyvalue/employe/src/dto/create-address.dto.ts","statementMap":{"0":{"start":{"line":1,"column":0},"end":{"line":1,"column":55}},"1":{"start":{"line":6,"column":4},"end":{"line":6,"column":null}},"2":{"start":{"line":10,"column":4},"end":{"line":10,"column":null}},"3":{"start":{"line":14,"column":4},"end":{"line":14,"column":null}},"4":{"start":{"line":18,"column":4},"end":{"line":18,"column":null}},"5":{"start":{"line":22,"column":4},"end":{"line":22,"column":null}},"6":{"start":{"line":26,"column":4},"end":{"line":26,"column":null}},"7":{"start":{"line":29,"column":0},"end":{"line":29,"column":32}}},"fnMap":{},"branchMap":{},"s":{"0":1,"1":1,"2":1,"3":1,"4":1,"5":1,"6":1,"7":1},"f":{},"b":{}}
,"/home/gayathri/Documents/keyvalue/employe/src/dto/create-department.dto.ts": {"path":"/home/gayathri/Documents/keyvalue/employe/src/dto/create-department.dto.ts","statementMap":{"0":{"start":{"line":1,"column":0},"end":{"line":1,"column":55}},"1":{"start":{"line":6,"column":4},"end":{"line":6,"column":null}},"2":{"start":{"line":9,"column":0},"end":{"line":9,"column":35}}},"fnMap":{},"branchMap":{},"s":{"0":0,"1":0,"2":0},"f":{},"b":{}}
,"/home/gayathri/Documents/keyvalue/employe/src/dto/create-employee.dto.ts": {"path":"/home/gayathri/Documents/keyvalue/employe/src/dto/create-employee.dto.ts","statementMap":{"0":{"start":{"line":1,"column":0},"end":{"line":1,"column":124}},"1":{"start":{"line":3,"column":0},"end":{"line":3,"column":41}},"2":{"start":{"line":4,"column":0},"end":{"line":4,"column":42}},"3":{"start":{"line":5,"column":0},"end":{"line":5,"column":46}},"4":{"start":{"line":7,"column":0},"end":{"line":7,"column":52}},"5":{"start":{"line":11,"column":0},"end":{"line":11,"column":13}},"6":{"start":{"line":14,"column":4},"end":{"line":14,"column":null}},"7":{"start":{"line":17,"column":4},"end":{"line":17,"column":null}},"8":{"start":{"line":22,"column":4},"end":{"line":22,"column":null}},"9":{"start":{"line":21,"column":14},"end":{"line":21,"column":30}},"10":{"start":{"line":26,"column":4},"end":{"line":26,"column":null}},"11":{"start":{"line":30,"column":4},"end":{"line":30,"column":null}},"12":{"start":{"line":34,"column":4},"end":{"line":34,"column":null}},"13":{"start":{"line":39,"column":4},"end":{"line":39,"column":null}},"14":{"start":{"line":43,"column":4},"end":{"line":43,"column":null}},"15":{"start":{"line":47,"column":4},"end":{"line":47,"column":null}}},"fnMap":{"0":{"name":"(anonymous_3)","decl":{"start":{"line":21,"column":10},"end":{"line":21,"column":12}},"loc":{"start":{"line":21,"column":14},"end":{"line":21,"column":30}}}},"branchMap":{},"s":{"0":1,"1":1,"2":1,"3":1,"4":1,"5":1,"6":1,"7":1,"8":1,"9":1,"10":1,"11":1,"12":1,"13":1,"14":1,"15":1},"f":{"0":1},"b":{}}
,"/home/gayathri/Documents/keyvalue/employe/src/dto/login-employee.dto.ts": {"path":"/home/gayathri/Documents/keyvalue/employe/src/dto/login-employee.dto.ts","statementMap":{"0":{"start":{"line":1,"column":0},"end":{"line":1,"column":53}},"1":{"start":{"line":3,"column":0},"end":{"line":3,"column":13}},"2":{"start":{"line":6,"column":4},"end":{"line":6,"column":null}},"3":{"start":{"line":10,"column":4},"end":{"line":10,"column":null}}},"fnMap":{},"branchMap":{},"s":{"0":1,"1":1,"2":1,"3":1},"f":{},"b":{}}
,"/home/gayathri/Documents/keyvalue/employe/src/dto/update-address.dto.ts": {"path":"/home/gayathri/Documents/keyvalue/employe/src/dto/update-address.dto.ts","statementMap":{"0":{"start":{"line":1,"column":0},"end":{"line":1,"column":55}},"1":{"start":{"line":6,"column":4},"end":{"line":6,"column":null}},"2":{"start":{"line":4,"column":25},"end":{"line":4,"column":48}},"3":{"start":{"line":10,"column":4},"end":{"line":10,"column":null}},"4":{"start":{"line":8,"column":25},"end":{"line":8,"column":48}},"5":{"start":{"line":14,"column":4},"end":{"line":14,"column":null}},"6":{"start":{"line":12,"column":25},"end":{"line":12,"column":48}},"7":{"start":{"line":18,"column":4},"end":{"line":18,"column":null}},"8":{"start":{"line":16,"column":25},"end":{"line":16,"column":48}},"9":{"start":{"line":22,"column":4},"end":{"line":22,"column":null}},"10":{"start":{"line":20,"column":25},"end":{"line":20,"column":48}},"11":{"start":{"line":26,"column":4},"end":{"line":26,"column":null}},"12":{"start":{"line":24,"column":25},"end":{"line":24,"column":48}},"13":{"start":{"line":29,"column":0},"end":{"line":29,"column":32}}},"fnMap":{"0":{"name":"(anonymous_2)","decl":{"start":{"line":4,"column":16},"end":{"line":4,"column":17}},"loc":{"start":{"line":4,"column":25},"end":{"line":4,"column":48}}},"1":{"name":"(anonymous_3)","decl":{"start":{"line":8,"column":16},"end":{"line":8,"column":17}},"loc":{"start":{"line":8,"column":25},"end":{"line":8,"column":48}}},"2":{"name":"(anonymous_4)","decl":{"start":{"line":12,"column":16},"end":{"line":12,"column":17}},"loc":{"start":{"line":12,"column":25},"end":{"line":12,"column":48}}},"3":{"name":"(anonymous_5)","decl":{"start":{"line":16,"column":16},"end":{"line":16,"column":17}},"loc":{"start":{"line":16,"column":25},"end":{"line":16,"column":48}}},"4":{"name":"(anonymous_6)","decl":{"start":{"line":20,"column":16},"end":{"line":20,"column":17}},"loc":{"start":{"line":20,"column":25},"end":{"line":20,"column":48}}},"5":{"name":"(anonymous_7)","decl":{"start":{"line":24,"column":16},"end":{"line":24,"column":17}},"loc":{"start":{"line":24,"column":25},"end":{"line":24,"column":48}}}},"branchMap":{},"s":{"0":1,"1":1,"2":0,"3":1,"4":0,"5":1,"6":0,"7":1,"8":0,"9":1,"10":0,"11":1,"12":0,"13":1},"f":{"0":0,"1":0,"2":0,"3":0,"4":0,"5":0},"b":{}}
,"/home/gayathri/Documents/keyvalue/employe/src/dto/update-department.dto.ts": {"path":"/home/gayathri/Documents/keyvalue/employe/src/dto/update-department.dto.ts","statementMap":{"0":{"start":{"line":1,"column":0},"end":{"line":1,"column":55}},"1":{"start":{"line":6,"column":4},"end":{"line":6,"column":null}},"2":{"start":{"line":4,"column":25},"end":{"line":4,"column":48}},"3":{"start":{"line":9,"column":0},"end":{"line":9,"column":35}}},"fnMap":{"0":{"name":"(anonymous_2)","decl":{"start":{"line":4,"column":16},"end":{"line":4,"column":17}},"loc":{"start":{"line":4,"column":25},"end":{"line":4,"column":48}}}},"branchMap":{},"s":{"0":0,"1":0,"2":0,"3":0},"f":{"0":0},"b":{}}
,"/home/gayathri/Documents/keyvalue/employe/src/dto/update-employee.dto.ts": {"path":"/home/gayathri/Documents/keyvalue/employe/src/dto/update-employee.dto.ts","statementMap":{"0":{"start":{"line":1,"column":0},"end":{"line":1,"column":113}},"1":{"start":{"line":2,"column":0},"end":{"line":2,"column":47}},"2":{"start":{"line":4,"column":0},"end":{"line":4,"column":41}},"3":{"start":{"line":5,"column":0},"end":{"line":5,"column":46}},"4":{"start":{"line":6,"column":0},"end":{"line":6,"column":42}},"5":{"start":{"line":7,"column":0},"end":{"line":7,"column":52}},"6":{"start":{"line":9,"column":0},"end":{"line":9,"column":13}},"7":{"start":{"line":13,"column":4},"end":{"line":13,"column":null}},"8":{"start":{"line":11,"column":25},"end":{"line":11,"column":48}},"9":{"start":{"line":18,"column":4},"end":{"line":18,"column":null}},"10":{"start":{"line":16,"column":25},"end":{"line":16,"column":48}},"11":{"start":{"line":22,"column":4},"end":{"line":22,"column":null}},"12":{"start":{"line":20,"column":25},"end":{"line":20,"column":48}},"13":{"start":{"line":26,"column":4},"end":{"line":26,"column":null}},"14":{"start":{"line":24,"column":25},"end":{"line":24,"column":48}},"15":{"start":{"line":30,"column":3},"end":{"line":30,"column":null}},"16":{"start":{"line":28,"column":25},"end":{"line":28,"column":48}},"17":{"start":{"line":35,"column":4},"end":{"line":35,"column":null}},"18":{"start":{"line":33,"column":25},"end":{"line":33,"column":48}},"19":{"start":{"line":42,"column":4},"end":{"line":42,"column":null}},"20":{"start":{"line":38,"column":25},"end":{"line":38,"column":48}},"21":{"start":{"line":41,"column":16},"end":{"line":41,"column":32}},"22":{"start":{"line":46,"column":4},"end":{"line":46,"column":null}},"23":{"start":{"line":44,"column":25},"end":{"line":44,"column":48}}},"fnMap":{"0":{"name":"(anonymous_3)","decl":{"start":{"line":11,"column":16},"end":{"line":11,"column":17}},"loc":{"start":{"line":11,"column":25},"end":{"line":11,"column":48}}},"1":{"name":"(anonymous_4)","decl":{"start":{"line":16,"column":16},"end":{"line":16,"column":17}},"loc":{"start":{"line":16,"column":25},"end":{"line":16,"column":48}}},"2":{"name":"(anonymous_5)","decl":{"start":{"line":20,"column":16},"end":{"line":20,"column":17}},"loc":{"start":{"line":20,"column":25},"end":{"line":20,"column":48}}},"3":{"name":"(anonymous_6)","decl":{"start":{"line":24,"column":16},"end":{"line":24,"column":17}},"loc":{"start":{"line":24,"column":25},"end":{"line":24,"column":48}}},"4":{"name":"(anonymous_7)","decl":{"start":{"line":28,"column":16},"end":{"line":28,"column":17}},"loc":{"start":{"line":28,"column":25},"end":{"line":28,"column":48}}},"5":{"name":"(anonymous_8)","decl":{"start":{"line":33,"column":16},"end":{"line":33,"column":17}},"loc":{"start":{"line":33,"column":25},"end":{"line":33,"column":48}}},"6":{"name":"(anonymous_9)","decl":{"start":{"line":38,"column":16},"end":{"line":38,"column":17}},"loc":{"start":{"line":38,"column":25},"end":{"line":38,"column":48}}},"7":{"name":"(anonymous_10)","decl":{"start":{"line":41,"column":10},"end":{"line":41,"column":13}},"loc":{"start":{"line":41,"column":16},"end":{"line":41,"column":32}}},"8":{"name":"(anonymous_11)","decl":{"start":{"line":44,"column":16},"end":{"line":44,"column":17}},"loc":{"start":{"line":44,"column":25},"end":{"line":44,"column":48}}}},"branchMap":{},"s":{"0":1,"1":1,"2":1,"3":1,"4":1,"5":1,"6":1,"7":1,"8":0,"9":1,"10":0,"11":1,"12":0,"13":1,"14":0,"15":1,"16":0,"17":1,"18":0,"19":1,"20":0,"21":1,"22":1,"23":0},"f":{"0":0,"1":0,"2":0,"3":0,"4":0,"5":0,"6":0,"7":1,"8":0},"b":{}}
,"/home/gayathri/Documents/keyvalue/employe/src/entity/abstract.entity.ts": {"path":"/home/gayathri/Documents/keyvalue/employe/src/entity/abstract.entity.ts","statementMap":{"0":{"start":{"line":1,"column":0},"end":{"line":1,"column":103}},"1":{"start":{"line":6,"column":4},"end":{"line":6,"column":null}},"2":{"start":{"line":9,"column":4},"end":{"line":9,"column":null}},"3":{"start":{"line":12,"column":4},"end":{"line":12,"column":null}},"4":{"start":{"line":15,"column":4},"end":{"line":15,"column":null}},"5":{"start":{"line":18,"column":0},"end":{"line":18,"column":null}}},"fnMap":{},"branchMap":{},"s":{"0":1,"1":1,"2":1,"3":1,"4":1,"5":1},"f":{},"b":{}}
,"/home/gayathri/Documents/keyvalue/employe/src/entity/address.entity.ts": {"path":"/home/gayathri/Documents/keyvalue/employe/src/entity/address.entity.ts","statementMap":{"0":{"start":{"line":1,"column":0},"end":{"line":1,"column":141}},"1":{"start":{"line":3,"column":0},"end":{"line":3,"column":47}},"2":{"start":{"line":6,"column":0},"end":{"line":32,"column":null}},"3":{"start":{"line":10,"column":4},"end":{"line":10,"column":null}},"4":{"start":{"line":13,"column":4},"end":{"line":13,"column":null}},"5":{"start":{"line":16,"column":4},"end":{"line":16,"column":null}},"6":{"start":{"line":19,"column":4},"end":{"line":19,"column":null}},"7":{"start":{"line":22,"column":4},"end":{"line":22,"column":null}},"8":{"start":{"line":25,"column":4},"end":{"line":25,"column":null}},"9":{"start":{"line":6,"column":6},"end":{"line":32,"column":null}},"10":{"start":{"line":33,"column":0},"end":{"line":33,"column":23}}},"fnMap":{},"branchMap":{},"s":{"0":1,"1":1,"2":1,"3":1,"4":1,"5":1,"6":1,"7":1,"8":1,"9":1,"10":1},"f":{},"b":{}}
,"/home/gayathri/Documents/keyvalue/employe/src/entity/department.entity.ts": {"path":"/home/gayathri/Documents/keyvalue/employe/src/entity/department.entity.ts","statementMap":{"0":{"start":{"line":1,"column":0},"end":{"line":1,"column":66}},"1":{"start":{"line":2,"column":0},"end":{"line":2,"column":41}},"2":{"start":{"line":3,"column":0},"end":{"line":3,"column":58}},"3":{"start":{"line":4,"column":0},"end":{"line":4,"column":57}},"4":{"start":{"line":5,"column":0},"end":{"line":5,"column":47}},"5":{"start":{"line":7,"column":23},"end":{"line":15,"column":null}},"6":{"start":{"line":12,"column":4},"end":{"line":12,"column":null}},"7":{"start":{"line":14,"column":4},"end":{"line":14,"column":null}},"8":{"start":{"line":13,"column":22},"end":{"line":13,"column":30}},"9":{"start":{"line":13,"column":46},"end":{"line":13,"column":65}},"10":{"start":{"line":7,"column":13},"end":{"line":15,"column":null}}},"fnMap":{"0":{"name":"(anonymous_3)","decl":{"start":{"line":13,"column":16},"end":{"line":13,"column":19}},"loc":{"start":{"line":13,"column":22},"end":{"line":13,"column":30}}},"1":{"name":"(anonymous_4)","decl":{"start":{"line":13,"column":32},"end":{"line":13,"column":33}},"loc":{"start":{"line":13,"column":46},"end":{"line":13,"column":65}}}},"branchMap":{},"s":{"0":1,"1":1,"2":1,"3":1,"4":1,"5":1,"6":1,"7":1,"8":0,"9":0,"10":1},"f":{"0":0,"1":0},"b":{}}
,"/home/gayathri/Documents/keyvalue/employe/src/entity/employee.entity.ts": {"path":"/home/gayathri/Documents/keyvalue/employe/src/entity/employee.entity.ts","statementMap":{"0":{"start":{"line":1,"column":0},"end":{"line":1,"column":152}},"1":{"start":{"line":2,"column":0},"end":{"line":2,"column":39}},"2":{"start":{"line":4,"column":0},"end":{"line":4,"column":49}},"3":{"start":{"line":5,"column":0},"end":{"line":5,"column":46}},"4":{"start":{"line":6,"column":0},"end":{"line":6,"column":42}},"5":{"start":{"line":7,"column":0},"end":{"line":7,"column":47}},"6":{"start":{"line":10,"column":0},"end":{"line":44,"column":null}},"7":{"start":{"line":14,"column":4},"end":{"line":14,"column":null}},"8":{"start":{"line":17,"column":4},"end":{"line":17,"column":null}},"9":{"start":{"line":20,"column":4},"end":{"line":20,"column":null}},"10":{"start":{"line":24,"column":4},"end":{"line":24,"column":null}},"11":{"start":{"line":27,"column":4},"end":{"line":27,"column":null}},"12":{"start":{"line":30,"column":4},"end":{"line":30,"column":null}},"13":{"start":{"line":34,"column":2},"end":{"line":34,"column":null}},"14":{"start":{"line":32,"column":21},"end":{"line":32,"column":31}},"15":{"start":{"line":32,"column":49},"end":{"line":32,"column":69}},"16":{"start":{"line":39,"column":4},"end":{"line":39,"column":null}},"17":{"start":{"line":37,"column":20},"end":{"line":37,"column":27}},"18":{"start":{"line":42,"column":2},"end":{"line":42,"column":null}},"19":{"start":{"line":10,"column":6},"end":{"line":44,"column":null}},"20":{"start":{"line":45,"column":0},"end":{"line":45,"column":24}}},"fnMap":{"0":{"name":"(anonymous_3)","decl":{"start":{"line":32,"column":15},"end":{"line":32,"column":18}},"loc":{"start":{"line":32,"column":21},"end":{"line":32,"column":31}}},"1":{"name":"(anonymous_4)","decl":{"start":{"line":32,"column":33},"end":{"line":32,"column":34}},"loc":{"start":{"line":32,"column":49},"end":{"line":32,"column":69}}},"2":{"name":"(anonymous_5)","decl":{"start":{"line":37,"column":14},"end":{"line":37,"column":17}},"loc":{"start":{"line":37,"column":20},"end":{"line":37,"column":27}}}},"branchMap":{},"s":{"0":1,"1":1,"2":1,"3":1,"4":1,"5":1,"6":1,"7":1,"8":1,"9":1,"10":1,"11":1,"12":1,"13":1,"14":0,"15":0,"16":1,"17":0,"18":1,"19":1,"20":1},"f":{"0":0,"1":0,"2":0},"b":{}}
,"/home/gayathri/Documents/keyvalue/employe/src/middleware/authenticate.middleware.ts": {"path":"/home/gayathri/Documents/keyvalue/employe/src/middleware/authenticate.middleware.ts","statementMap":{"0":{"start":{"line":3,"column":0},"end":{"line":3,"column":39}},"1":{"start":{"line":7,"column":20},"end":{"line":22,"column":null}},"2":{"start":{"line":11,"column":3},"end":{"line":22,"column":null}},"3":{"start":{"line":12,"column":4},"end":{"line":21,"column":null}},"4":{"start":{"line":13,"column":13},"end":{"line":13,"column":43}},"5":{"start":{"line":14,"column":27},"end":{"line":14,"column":76}},"6":{"start":{"line":15,"column":0},"end":{"line":15,"column":22}},"7":{"start":{"line":16,"column":0},"end":{"line":16,"column":24}},"8":{"start":{"line":17,"column":0},"end":{"line":17,"column":22}},"9":{"start":{"line":18,"column":0},"end":{"line":18,"column":7}},"10":{"start":{"line":20,"column":8},"end":{"line":20,"column":20}},"11":{"start":{"line":23,"column":33},"end":{"line":27,"column":1}},"12":{"start":{"line":24,"column":22},"end":{"line":24,"column":49}},"13":{"start":{"line":25,"column":16},"end":{"line":25,"column":58}},"14":{"start":{"line":26,"column":4},"end":{"line":26,"column":17}},"15":{"start":{"line":28,"column":0},"end":{"line":28,"column":28}}},"fnMap":{"0":{"name":"(anonymous_8)","decl":{"start":{"line":7,"column":20},"end":{"line":7,"column":null}},"loc":{"start":{"line":11,"column":3},"end":{"line":22,"column":null}}},"1":{"name":"(anonymous_9)","decl":{"start":{"line":11,"column":3},"end":{"line":11,"column":null}},"loc":{"start":{"line":11,"column":3},"end":{"line":22,"column":1}}},"2":{"name":"(anonymous_10)","decl":{"start":{"line":23,"column":33},"end":{"line":23,"column":34}},"loc":{"start":{"line":23,"column":56},"end":{"line":27,"column":1}}}},"branchMap":{"0":{"loc":{"start":{"line":25,"column":16},"end":{"line":25,"column":58}},"type":"cond-expr","locations":[{"start":{"line":25,"column":30},"end":{"line":25,"column":55}},{"start":{"line":25,"column":56},"end":{"line":25,"column":58}}]}},"s":{"0":0,"1":0,"2":0,"3":0,"4":0,"5":0,"6":0,"7":0,"8":0,"9":0,"10":0,"11":0,"12":0,"13":0,"14":0,"15":0},"f":{"0":0,"1":0,"2":0},"b":{"0":[0,0]}}
,"/home/gayathri/Documents/keyvalue/employe/src/middleware/authorize.middleware.ts": {"path":"/home/gayathri/Documents/keyvalue/employe/src/middleware/authorize.middleware.ts","statementMap":{"0":{"start":{"line":4,"column":0},"end":{"line":4,"column":56}},"1":{"start":{"line":5,"column":27},"end":{"line":23,"column":1}},"2":{"start":{"line":6,"column":3},"end":{"line":22,"column":null}},"3":{"start":{"line":11,"column":8},"end":{"line":21,"column":null}},"4":{"start":{"line":12,"column":23},"end":{"line":12,"column":31}},"5":{"start":{"line":13,"column":12},"end":{"line":15,"column":null}},"6":{"start":{"line":14,"column":16},"end":{"line":14,"column":81}},"7":{"start":{"line":16,"column":12},"end":{"line":16,"column":19}},"8":{"start":{"line":20,"column":16},"end":{"line":20,"column":null}},"9":{"start":{"line":5,"column":13},"end":{"line":5,"column":27}}},"fnMap":{"0":{"name":"(anonymous_1)","decl":{"start":{"line":5,"column":27},"end":{"line":5,"column":28}},"loc":{"start":{"line":5,"column":43},"end":{"line":23,"column":1}}},"1":{"name":"(anonymous_2)","decl":{"start":{"line":6,"column":11},"end":{"line":6,"column":null}},"loc":{"start":{"line":10,"column":7},"end":{"line":22,"column":9}}}},"branchMap":{"0":{"loc":{"start":{"line":13,"column":12},"end":{"line":15,"column":null}},"type":"if","locations":[{"start":{"line":13,"column":12},"end":{"line":15,"column":null}}]}},"s":{"0":0,"1":0,"2":0,"3":0,"4":0,"5":0,"6":0,"7":0,"8":0,"9":0},"f":{"0":0,"1":0},"b":{"0":[0]}}
,"/home/gayathri/Documents/keyvalue/employe/src/middleware/error.middleware.ts": {"path":"/home/gayathri/Documents/keyvalue/employe/src/middleware/error.middleware.ts","statementMap":{"0":{"start":{"line":2,"column":0},"end":{"line":2,"column":56}},"1":{"start":{"line":3,"column":0},"end":{"line":3,"column":67}},"2":{"start":{"line":5,"column":30},"end":{"line":18,"column":1}},"3":{"start":{"line":6,"column":4},"end":{"line":6,"column":null}},"4":{"start":{"line":7,"column":4},"end":{"line":7,"column":48}},"5":{"start":{"line":8,"column":4},"end":{"line":17,"column":null}},"6":{"start":{"line":9,"column":8},"end":{"line":9,"column":64}},"7":{"start":{"line":10,"column":8},"end":{"line":10,"column":15}},"8":{"start":{"line":11,"column":11},"end":{"line":17,"column":null}},"9":{"start":{"line":12,"column":8},"end":{"line":12,"column":64}},"10":{"start":{"line":13,"column":8},"end":{"line":13,"column":15}},"11":{"start":{"line":15,"column":8},"end":{"line":15,"column":44}},"12":{"start":{"line":16,"column":8},"end":{"line":16,"column":15}},"13":{"start":{"line":5,"column":13},"end":{"line":5,"column":30}}},"fnMap":{"0":{"name":"(anonymous_1)","decl":{"start":{"line":5,"column":30},"end":{"line":5,"column":31}},"loc":{"start":{"line":5,"column":96},"end":{"line":18,"column":1}}}},"branchMap":{"0":{"loc":{"start":{"line":8,"column":4},"end":{"line":17,"column":null}},"type":"if","locations":[{"start":{"line":8,"column":4},"end":{"line":17,"column":null}},{"start":{"line":11,"column":11},"end":{"line":17,"column":null}}]},"1":{"loc":{"start":{"line":11,"column":11},"end":{"line":17,"column":null}},"type":"if","locations":[{"start":{"line":11,"column":11},"end":{"line":17,"column":null}},{"start":{"line":14,"column":11},"end":{"line":17,"column":null}}]}},"s":{"0":0,"1":0,"2":0,"3":0,"4":0,"5":0,"6":0,"7":0,"8":0,"9":0,"10":0,"11":0,"12":0,"13":0},"f":{"0":0},"b":{"0":[0,0],"1":[0,0]}}
,"/home/gayathri/Documents/keyvalue/employe/src/middleware/logger.middleware.ts": {"path":"/home/gayathri/Documents/keyvalue/employe/src/middleware/logger.middleware.ts","statementMap":{"0":{"start":{"line":2,"column":0},"end":{"line":2,"column":41}},"1":{"start":{"line":4,"column":23},"end":{"line":7,"column":1}},"2":{"start":{"line":5,"column":0},"end":{"line":5,"column":54}},"3":{"start":{"line":6,"column":0},"end":{"line":6,"column":7}},"4":{"start":{"line":8,"column":0},"end":{"line":8,"column":32}}},"fnMap":{"0":{"name":"(anonymous_0)","decl":{"start":{"line":4,"column":23},"end":{"line":4,"column":24}},"loc":{"start":{"line":4,"column":70},"end":{"line":7,"column":1}}}},"branchMap":{},"s":{"0":0,"1":0,"2":0,"3":0,"4":0},"f":{"0":0},"b":{}}
,"/home/gayathri/Documents/keyvalue/employe/src/repository/department.repository.ts": {"path":"/home/gayathri/Documents/keyvalue/employe/src/repository/department.repository.ts","statementMap":{"0":{"start":{"line":7,"column":24},"end":{"line":7,"column":68}},"1":{"start":{"line":11,"column":12},"end":{"line":12,"column":15}},"2":{"start":{"line":15,"column":12},"end":{"line":19,"column":15}},"3":{"start":{"line":23,"column":8},"end":{"line":23,"column":58}},"4":{"start":{"line":27,"column":8},"end":{"line":27,"column":64}},"5":{"start":{"line":5,"column":0},"end":{"line":5,"column":13}}},"fnMap":{"0":{"name":"(anonymous_0)","decl":{"start":{"line":7,"column":4},"end":{"line":7,"column":24}},"loc":{"start":{"line":7,"column":68},"end":{"line":9,"column":9}}},"1":{"name":"(anonymous_1)","decl":{"start":{"line":10,"column":9},"end":{"line":10,"column":27}},"loc":{"start":{"line":10,"column":27},"end":{"line":13,"column":9}}},"2":{"name":"(anonymous_2)","decl":{"start":{"line":14,"column":8},"end":{"line":14,"column":26}},"loc":{"start":{"line":14,"column":37},"end":{"line":20,"column":9}}},"3":{"name":"(anonymous_3)","decl":{"start":{"line":22,"column":4},"end":{"line":22,"column":18}},"loc":{"start":{"line":22,"column":41},"end":{"line":24,"column":5}}},"4":{"name":"(anonymous_4)","decl":{"start":{"line":26,"column":4},"end":{"line":26,"column":20}},"loc":{"start":{"line":26,"column":43},"end":{"line":28,"column":5}}}},"branchMap":{},"s":{"0":1,"1":0,"2":0,"3":0,"4":0,"5":1},"f":{"0":1,"1":0,"2":0,"3":0,"4":0},"b":{}}
,"/home/gayathri/Documents/keyvalue/employe/src/repository/employee.repository.ts": {"path":"/home/gayathri/Documents/keyvalue/employe/src/repository/employee.repository.ts","statementMap":{"0":{"start":{"line":8,"column":24},"end":{"line":8,"column":63}},"1":{"start":{"line":14,"column":8},"end":{"line":18,"column":11}},"2":{"start":{"line":23,"column":8},"end":{"line":31,"column":10}},"3":{"start":{"line":37,"column":8},"end":{"line":41,"column":10}},"4":{"start":{"line":45,"column":8},"end":{"line":45,"column":54}},"5":{"start":{"line":48,"column":1},"end":{"line":48,"column":53}},"6":{"start":{"line":51,"column":0},"end":{"line":51,"column":34}}},"fnMap":{"0":{"name":"(anonymous_0)","decl":{"start":{"line":8,"column":4},"end":{"line":8,"column":24}},"loc":{"start":{"line":8,"column":63},"end":{"line":10,"column":5}}},"1":{"name":"(anonymous_1)","decl":{"start":{"line":12,"column":4},"end":{"line":12,"column":20}},"loc":{"start":{"line":12,"column":20},"end":{"line":19,"column":5}}},"2":{"name":"(anonymous_2)","decl":{"start":{"line":21,"column":4},"end":{"line":21,"column":22}},"loc":{"start":{"line":21,"column":33},"end":{"line":32,"column":5}}},"3":{"name":"(anonymous_3)","decl":{"start":{"line":35,"column":4},"end":{"line":35,"column":28}},"loc":{"start":{"line":35,"column":45},"end":{"line":42,"column":5}}},"4":{"name":"(anonymous_4)","decl":{"start":{"line":43,"column":4},"end":{"line":43,"column":16}},"loc":{"start":{"line":43,"column":34},"end":{"line":46,"column":5}}},"5":{"name":"(anonymous_5)","decl":{"start":{"line":47,"column":3},"end":{"line":47,"column":17}},"loc":{"start":{"line":47,"column":35},"end":{"line":49,"column":5}}}},"branchMap":{},"s":{"0":1,"1":0,"2":0,"3":0,"4":0,"5":0,"6":1},"f":{"0":1,"1":0,"2":0,"3":0,"4":0,"5":0},"b":{}}
,"/home/gayathri/Documents/keyvalue/employe/src/route/department.route.ts": {"path":"/home/gayathri/Documents/keyvalue/employe/src/route/department.route.ts","statementMap":{"0":{"start":{"line":1,"column":0},"end":{"line":1,"column":75}},"1":{"start":{"line":2,"column":0},"end":{"line":2,"column":43}},"2":{"start":{"line":3,"column":0},"end":{"line":3,"column":57}},"3":{"start":{"line":4,"column":0},"end":{"line":4,"column":75}},"4":{"start":{"line":5,"column":0},"end":{"line":5,"column":66}},"5":{"start":{"line":7,"column":17},"end":{"line":7,"column":53}},"6":{"start":{"line":8,"column":27},"end":{"line":8,"column":63}},"7":{"start":{"line":9,"column":13},"end":{"line":9,"column":75}},"8":{"start":{"line":10,"column":27},"end":{"line":10,"column":70}},"9":{"start":{"line":11,"column":23},"end":{"line":11,"column":50}},"10":{"start":{"line":12,"column":1},"end":{"line":12,"column":33}}},"fnMap":{},"branchMap":{},"s":{"0":0,"1":0,"2":0,"3":0,"4":0,"5":0,"6":0,"7":0,"8":0,"9":0,"10":0},"f":{},"b":{}}
,"/home/gayathri/Documents/keyvalue/employe/src/route/employee.route.ts": {"path":"/home/gayathri/Documents/keyvalue/employe/src/route/employee.route.ts","statementMap":{"0":{"start":{"line":1,"column":0},"end":{"line":1,"column":67}},"1":{"start":{"line":2,"column":0},"end":{"line":2,"column":43}},"2":{"start":{"line":3,"column":0},"end":{"line":3,"column":49}},"3":{"start":{"line":4,"column":0},"end":{"line":4,"column":67}},"4":{"start":{"line":5,"column":0},"end":{"line":5,"column":58}},"5":{"start":{"line":6,"column":0},"end":{"line":6,"column":55}},"6":{"start":{"line":7,"column":17},"end":{"line":7,"column":51}},"7":{"start":{"line":8,"column":25},"end":{"line":8,"column":59}},"8":{"start":{"line":9,"column":22},"end":{"line":9,"column":79}},"9":{"start":{"line":10,"column":25},"end":{"line":10,"column":64}},"10":{"start":{"line":11,"column":21},"end":{"line":11,"column":46}},"11":{"start":{"line":12,"column":1},"end":{"line":12,"column":31}}},"fnMap":{},"branchMap":{},"s":{"0":0,"1":0,"2":0,"3":0,"4":0,"5":0,"6":0,"7":0,"8":0,"9":0,"10":0,"11":0},"f":{},"b":{}}
,"/home/gayathri/Documents/keyvalue/employe/src/route/role.route.ts": {"path":"/home/gayathri/Documents/keyvalue/employe/src/route/role.route.ts","statementMap":{"0":{"start":{"line":1,"column":0},"end":{"line":1,"column":59}},"1":{"start":{"line":3,"column":21},"end":{"line":3,"column":41}},"2":{"start":{"line":4,"column":17},"end":{"line":4,"column":38}},"3":{"start":{"line":5,"column":0},"end":{"line":5,"column":null}}},"fnMap":{},"branchMap":{},"s":{"0":0,"1":0,"2":0,"3":0},"f":{},"b":{}}
,"/home/gayathri/Documents/keyvalue/employe/src/service/department.service.ts": {"path":"/home/gayathri/Documents/keyvalue/employe/src/service/department.service.ts","statementMap":{"0":{"start":{"line":1,"column":0},"end":{"line":1,"column":56}},"1":{"start":{"line":4,"column":0},"end":{"line":4,"column":57}},"2":{"start":{"line":8,"column":24},"end":{"line":8,"column":66}},"3":{"start":{"line":11,"column":8},"end":{"line":11,"column":62}},"4":{"start":{"line":15,"column":27},"end":{"line":15,"column":81}},"5":{"start":{"line":16,"column":8},"end":{"line":18,"column":null}},"6":{"start":{"line":17,"column":12},"end":{"line":17,"column":65}},"7":{"start":{"line":19,"column":8},"end":{"line":19,"column":26}},"8":{"start":{"line":23,"column":21},"end":{"line":23,"column":45}},"9":{"start":{"line":24,"column":30},"end":{"line":24,"column":46}},"10":{"start":{"line":25,"column":8},"end":{"line":25,"column":34}},"11":{"start":{"line":26,"column":8},"end":{"line":26,"column":71}},"12":{"start":{"line":30,"column":27},"end":{"line":30,"column":59}},"13":{"start":{"line":31,"column":8},"end":{"line":31,"column":51}},"14":{"start":{"line":32,"column":8},"end":{"line":32,"column":61}},"15":{"start":{"line":35,"column":27},"end":{"line":35,"column":59}},"16":{"start":{"line":36,"column":8},"end":{"line":36,"column":63}},"17":{"start":{"line":7,"column":0},"end":{"line":7,"column":13}}},"fnMap":{"0":{"name":"(anonymous_8)","decl":{"start":{"line":8,"column":4},"end":{"line":8,"column":24}},"loc":{"start":{"line":8,"column":66},"end":{"line":8,"column":71}}},"1":{"name":"(anonymous_9)","decl":{"start":{"line":10,"column":4},"end":{"line":10,"column":21}},"loc":{"start":{"line":10,"column":21},"end":{"line":12,"column":5}}},"2":{"name":"(anonymous_10)","decl":{"start":{"line":14,"column":10},"end":{"line":14,"column":27}},"loc":{"start":{"line":14,"column":38},"end":{"line":20,"column":null}}},"3":{"name":"(anonymous_12)","decl":{"start":{"line":22,"column":4},"end":{"line":22,"column":20}},"loc":{"start":{"line":22,"column":61},"end":{"line":27,"column":5}}},"4":{"name":"(anonymous_13)","decl":{"start":{"line":29,"column":10},"end":{"line":29,"column":26}},"loc":{"start":{"line":29,"column":79},"end":{"line":33,"column":null}}},"5":{"name":"(anonymous_15)","decl":{"start":{"line":34,"column":10},"end":{"line":34,"column":26}},"loc":{"start":{"line":34,"column":37},"end":{"line":37,"column":null}}}},"branchMap":{"0":{"loc":{"start":{"line":16,"column":8},"end":{"line":18,"column":null}},"type":"if","locations":[{"start":{"line":16,"column":8},"end":{"line":18,"column":null}}]}},"s":{"0":1,"1":1,"2":1,"3":0,"4":0,"5":0,"6":0,"7":0,"8":0,"9":0,"10":0,"11":0,"12":0,"13":0,"14":0,"15":0,"16":0,"17":1},"f":{"0":1,"1":0,"2":0,"3":0,"4":0,"5":0},"b":{"0":[0]}}
,"/home/gayathri/Documents/keyvalue/employe/src/service/employee.service.ts": {"path":"/home/gayathri/Documents/keyvalue/employe/src/service/employee.service.ts","statementMap":{"0":{"start":{"line":2,"column":0},"end":{"line":2,"column":56}},"1":{"start":{"line":3,"column":0},"end":{"line":3,"column":47}},"2":{"start":{"line":4,"column":0},"end":{"line":4,"column":49}},"3":{"start":{"line":6,"column":0},"end":{"line":6,"column":69}},"4":{"start":{"line":8,"column":0},"end":{"line":8,"column":28}},"5":{"start":{"line":9,"column":0},"end":{"line":9,"column":39}},"6":{"start":{"line":19,"column":24},"end":{"line":19,"column":62}},"7":{"start":{"line":19,"column":72},"end":{"line":19,"column":108}},"8":{"start":{"line":26,"column":4},"end":{"line":32,"column":null}},"9":{"start":{"line":26,"column":69},"end":{"line":32,"column":null}},"10":{"start":{"line":27,"column":25},"end":{"line":27,"column":77}},"11":{"start":{"line":28,"column":8},"end":{"line":30,"column":null}},"12":{"start":{"line":29,"column":12},"end":{"line":29,"column":77}},"13":{"start":{"line":31,"column":8},"end":{"line":31,"column":24}},"14":{"start":{"line":73,"column":4},"end":{"line":90,"column":null}},"15":{"start":{"line":73,"column":81},"end":{"line":90,"column":null}},"16":{"start":{"line":74,"column":25},"end":{"line":74,"column":106}},"17":{"start":{"line":75,"column":8},"end":{"line":77,"column":null}},"18":{"start":{"line":76,"column":12},"end":{"line":76,"column":63}},"19":{"start":{"line":78,"column":23},"end":{"line":78,"column":89}},"20":{"start":{"line":79,"column":8},"end":{"line":81,"column":null}},"21":{"start":{"line":80,"column":12},"end":{"line":80,"column":75}},"22":{"start":{"line":82,"column":24},"end":{"line":86,"column":null}},"23":{"start":{"line":87,"column":8},"end":{"line":87,"column":73}},"24":{"start":{"line":24,"column":8},"end":{"line":24,"column":58}},"25":{"start":{"line":34,"column":24},"end":{"line":34,"column":37}},"26":{"start":{"line":35,"column":8},"end":{"line":35,"column":72}},"27":{"start":{"line":36,"column":8},"end":{"line":36,"column":72}},"28":{"start":{"line":37,"column":8},"end":{"line":37,"column":58}},"29":{"start":{"line":38,"column":8},"end":{"line":38,"column":56}},"30":{"start":{"line":39,"column":8},"end":{"line":39,"column":62}},"31":{"start":{"line":40,"column":8},"end":{"line":40,"column":62}},"32":{"start":{"line":42,"column":23},"end":{"line":42,"column":37}},"33":{"start":{"line":43,"column":8},"end":{"line":43,"column":35}},"34":{"start":{"line":44,"column":8},"end":{"line":44,"column":null}},"35":{"start":{"line":45,"column":8},"end":{"line":45,"column":null}},"36":{"start":{"line":46,"column":8},"end":{"line":46,"column":null}},"37":{"start":{"line":47,"column":8},"end":{"line":47,"column":null}},"38":{"start":{"line":48,"column":8},"end":{"line":48,"column":null}},"39":{"start":{"line":49,"column":8},"end":{"line":49,"column":null}},"40":{"start":{"line":50,"column":8},"end":{"line":50,"column":51}},"41":{"start":{"line":51,"column":8},"end":{"line":51,"column":null}},"42":{"start":{"line":52,"column":8},"end":{"line":52,"column":62}},"43":{"start":{"line":56,"column":25},"end":{"line":56,"column":77}},"44":{"start":{"line":57,"column":8},"end":{"line":57,"column":47}},"45":{"start":{"line":58,"column":8},"end":{"line":58,"column":61}},"46":{"start":{"line":59,"column":8},"end":{"line":59,"column":59}},"47":{"start":{"line":60,"column":8},"end":{"line":60,"column":53}},"48":{"start":{"line":61,"column":8},"end":{"line":61,"column":49}},"49":{"start":{"line":63,"column":8},"end":{"line":63,"column":62}},"50":{"start":{"line":67,"column":25},"end":{"line":67,"column":77}},"51":{"start":{"line":68,"column":8},"end":{"line":68,"column":107}},"52":{"start":{"line":70,"column":8},"end":{"line":70,"column":62}},"53":{"start":{"line":92,"column":25},"end":{"line":92,"column":77}},"54":{"start":{"line":93,"column":8},"end":{"line":93,"column":63}},"55":{"start":{"line":97,"column":0},"end":{"line":97,"column":31}}},"fnMap":{"0":{"name":"(anonymous_8)","decl":{"start":{"line":19,"column":4},"end":{"line":19,"column":24}},"loc":{"start":{"line":19,"column":108},"end":{"line":22,"column":5}}},"1":{"name":"(anonymous_9)","decl":{"start":{"line":26,"column":22},"end":{"line":26,"column":29}},"loc":{"start":{"line":26,"column":69},"end":{"line":32,"column":null}}},"2":{"name":"(anonymous_10)","decl":{"start":{"line":26,"column":69},"end":{"line":26,"column":null}},"loc":{"start":{"line":26,"column":69},"end":{"line":32,"column":5}}},"3":{"name":"(anonymous_11)","decl":{"start":{"line":73,"column":20},"end":{"line":73,"column":27}},"loc":{"start":{"line":73,"column":81},"end":{"line":90,"column":null}}},"4":{"name":"(anonymous_12)","decl":{"start":{"line":73,"column":81},"end":{"line":73,"column":null}},"loc":{"start":{"line":73,"column":81},"end":{"line":90,"column":5}}},"5":{"name":"(anonymous_13)","decl":{"start":{"line":23,"column":4},"end":{"line":23,"column":19}},"loc":{"start":{"line":23,"column":19},"end":{"line":25,"column":5}}},"6":{"name":"(anonymous_14)","decl":{"start":{"line":33,"column":10},"end":{"line":33,"column":24}},"loc":{"start":{"line":33,"column":63},"end":{"line":54,"column":null}}},"7":{"name":"(anonymous_16)","decl":{"start":{"line":55,"column":10},"end":{"line":55,"column":24}},"loc":{"start":{"line":55,"column":73},"end":{"line":64,"column":null}}},"8":{"name":"(anonymous_18)","decl":{"start":{"line":66,"column":12},"end":{"line":66,"column":17}},"loc":{"start":{"line":66,"column":66},"end":{"line":71,"column":null}}},"9":{"name":"(anonymous_20)","decl":{"start":{"line":91,"column":10},"end":{"line":91,"column":24}},"loc":{"start":{"line":91,"column":35},"end":{"line":94,"column":null}}}},"branchMap":{"0":{"loc":{"start":{"line":28,"column":8},"end":{"line":30,"column":null}},"type":"if","locations":[{"start":{"line":28,"column":8},"end":{"line":30,"column":null}}]},"1":{"loc":{"start":{"line":75,"column":8},"end":{"line":77,"column":null}},"type":"if","locations":[{"start":{"line":75,"column":8},"end":{"line":77,"column":null}}]},"2":{"loc":{"start":{"line":79,"column":8},"end":{"line":81,"column":null}},"type":"if","locations":[{"start":{"line":79,"column":8},"end":{"line":81,"column":null}}]}},"s":{"0":1,"1":1,"2":1,"3":1,"4":1,"5":1,"6":1,"7":1,"8":1,"9":2,"10":2,"11":2,"12":1,"13":1,"14":1,"15":3,"16":3,"17":3,"18":1,"19":2,"20":2,"21":1,"22":1,"23":1,"24":1,"25":1,"26":1,"27":1,"28":1,"29":1,"30":1,"31":1,"32":1,"33":1,"34":1,"35":1,"36":1,"37":1,"38":1,"39":1,"40":1,"41":1,"42":1,"43":1,"44":1,"45":1,"46":1,"47":1,"48":1,"49":1,"50":0,"51":0,"52":0,"53":1,"54":1,"55":1},"f":{"0":1,"1":2,"2":2,"3":3,"4":3,"5":1,"6":1,"7":1,"8":0,"9":1},"b":{"0":[1],"1":[1],"2":[1]}}
,"/home/gayathri/Documents/keyvalue/employe/src/utils/logger.ts": {"path":"/home/gayathri/Documents/keyvalue/employe/src/utils/logger.ts","statementMap":{"0":{"start":{"line":1,"column":16},"end":{"line":1,"column":34}},"1":{"start":{"line":3,"column":13},"end":{"line":8,"column":3}},"2":{"start":{"line":11,"column":0},"end":{"line":15,"column":null}},"3":{"start":{"line":12,"column":2},"end":{"line":14,"column":6}}},"fnMap":{},"branchMap":{"0":{"loc":{"start":{"line":11,"column":0},"end":{"line":15,"column":null}},"type":"if","locations":[{"start":{"line":11,"column":0},"end":{"line":15,"column":null}}]}},"s":{"0":0,"1":0,"2":0,"3":0},"f":{},"b":{"0":[0]}}
,"/home/gayathri/Documents/keyvalue/employe/src/utils/math.util.ts": {"path":"/home/gayathri/Documents/keyvalue/employe/src/utils/math.util.ts","statementMap":{"0":{"start":{"line":4,"column":8},"end":{"line":4,"column":43}},"1":{"start":{"line":7,"column":8},"end":{"line":7,"column":33}},"2":{"start":{"line":10,"column":0},"end":{"line":10,"column":24}}},"fnMap":{"0":{"name":"(anonymous_0)","decl":{"start":{"line":3,"column":4},"end":{"line":3,"column":10}},"loc":{"start":{"line":3,"column":48},"end":{"line":5,"column":5}}},"1":{"name":"(anonymous_1)","decl":{"start":{"line":6,"column":4},"end":{"line":6,"column":10}},"loc":{"start":{"line":6,"column":44},"end":{"line":8,"column":5}}}},"branchMap":{},"s":{"0":0,"1":0,"2":0},"f":{"0":0,"1":0},"b":{}}
,"/home/gayathri/Documents/keyvalue/employe/src/utils/response.formatter.ts": {"path":"/home/gayathri/Documents/keyvalue/employe/src/utils/response.formatter.ts","statementMap":{"0":{"start":{"line":3,"column":33},"end":{"line":28,"column":1}},"1":{"start":{"line":5,"column":4},"end":{"line":25,"column":null}},"2":{"start":{"line":6,"column":8},"end":{"line":14,"column":null}},"3":{"start":{"line":16,"column":8},"end":{"line":24,"column":null}},"4":{"start":{"line":26,"column":0},"end":{"line":26,"column":16}},"5":{"start":{"line":3,"column":13},"end":{"line":3,"column":33}}},"fnMap":{"0":{"name":"(anonymous_0)","decl":{"start":{"line":3,"column":33},"end":{"line":3,"column":34}},"loc":{"start":{"line":3,"column":48},"end":{"line":28,"column":1}}}},"branchMap":{"0":{"loc":{"start":{"line":5,"column":4},"end":{"line":25,"column":null}},"type":"if","locations":[{"start":{"line":5,"column":4},"end":{"line":25,"column":null}},{"start":{"line":15,"column":11},"end":{"line":25,"column":null}}]}},"s":{"0":0,"1":0,"2":0,"3":0,"4":0,"5":0},"f":{"0":0},"b":{"0":[0,0]}}
,"/home/gayathri/Documents/keyvalue/employe/src/utils/role.enum.ts": {"path":"/home/gayathri/Documents/keyvalue/employe/src/utils/role.enum.ts","statementMap":{"0":{"start":{"line":1,"column":0},"end":{"line":1,"column":null}},"1":{"start":{"line":5,"column":4},"end":{"line":5,"column":null}},"2":{"start":{"line":6,"column":4},"end":{"line":6,"column":null}}},"fnMap":{"0":{"name":"(anonymous_0)","decl":{"start":{"line":1,"column":0},"end":{"line":1,"column":12}},"loc":{"start":{"line":1,"column":16},"end":{"line":7,"column":1}}}},"branchMap":{"0":{"loc":{"start":{"line":1,"column":12},"end":{"line":1,"column":null}},"type":"binary-expr","locations":[{"start":{"line":1,"column":12},"end":{"line":1,"column":16}},{"start":{"line":1,"column":16},"end":{"line":1,"column":null}}]}},"s":{"0":1,"1":1,"2":1},"f":{"0":1},"b":{"0":[1,1]}}
,"/home/gayathri/Documents/keyvalue/employe/src/utils/status.enum.ts": {"path":"/home/gayathri/Documents/keyvalue/employe/src/utils/status.enum.ts","statementMap":{"0":{"start":{"line":1,"column":0},"end":{"line":1,"column":null}},"1":{"start":{"line":3,"column":4},"end":{"line":3,"column":null}},"2":{"start":{"line":4,"column":4},"end":{"line":4,"column":null}},"3":{"start":{"line":5,"column":4},"end":{"line":5,"column":null}}},"fnMap":{"0":{"name":"(anonymous_0)","decl":{"start":{"line":1,"column":0},"end":{"line":1,"column":12}},"loc":{"start":{"line":1,"column":18},"end":{"line":6,"column":1}}}},"branchMap":{"0":{"loc":{"start":{"line":1,"column":12},"end":{"line":1,"column":null}},"type":"binary-expr","locations":[{"start":{"line":1,"column":12},"end":{"line":1,"column":18}},{"start":{"line":1,"column":18},"end":{"line":1,"column":null}}]}},"s":{"0":1,"1":1,"2":1,"3":1},"f":{"0":1},"b":{"0":[1,1]}}
}
